
VRF: tenant5
--------------------
vlan1005@bridge  UP             50:00:00:03:00:03 <BROADCAST,MULTICAST,UP,LOWER_UP>
vlan1005-v0@vlan1005 UP             00:00:5e:00:10:05 <BROADCAST,MULTICAST,UP,LOWER_UP>
vlan4005@bridge  UP             04:43:93:9f:f4:05 <BROADCAST,MULTICAST,UP,LOWER_UP>

VRF: tenant4
--------------------
vlan1004@bridge  UP             50:00:00:03:00:03 <BROADCAST,MULTICAST,UP,LOWER_UP>
vlan1004-v0@vlan1004 UP             00:00:5e:00:10:04 <BROADCAST,MULTICAST,UP,LOWER_UP>
vlan4004@bridge  UP             04:43:93:9f:f4:04 <BROADCAST,MULTICAST,UP,LOWER_UP>

VRF: tenant3
--------------------
vlan1003@bridge  UP             50:00:00:03:00:03 <BROADCAST,MULTICAST,UP,LOWER_UP>
vlan1003-v0@vlan1003 UP             00:00:5e:00:10:03 <BROADCAST,MULTICAST,UP,LOWER_UP>
vlan4003@bridge  UP             04:43:93:9f:f4:03 <BROADCAST,MULTICAST,UP,LOWER_UP>

VRF: tenant2
--------------------
vlan1002@bridge  UP             50:00:00:03:00:03 <BROADCAST,MULTICAST,UP,LOWER_UP>
vlan1002-v0@vlan1002 UP             00:00:5e:00:10:02 <BROADCAST,MULTICAST,UP,LOWER_UP>
vlan4002@bridge  UP             04:43:93:9f:f4:02 <BROADCAST,MULTICAST,UP,LOWER_UP>

VRF: tenant1
--------------------
vlan1001@bridge  UP             50:00:00:03:00:03 <BROADCAST,MULTICAST,UP,LOWER_UP>
vlan1001-v0@vlan1001 UP             00:00:5e:00:10:01 <BROADCAST,MULTICAST,UP,LOWER_UP>
vlan4001@bridge  UP             04:43:93:9f:f4:01 <BROADCAST,MULTICAST,UP,LOWER_UP>

VRF: tenant0
--------------------
vlan1000@bridge  UP             50:00:00:03:00:03 <BROADCAST,MULTICAST,UP,LOWER_UP>
vlan1000-v0@vlan1000 UP             00:00:5e:00:10:00 <BROADCAST,MULTICAST,UP,LOWER_UP>
vlan4000@bridge  UP             04:43:93:9f:f4:00 <BROADCAST,MULTICAST,UP,LOWER_UP>
vlan1000-v1@vlan1000 UP             00:00:6e:00:10:00 <BROADCAST,MULTICAST,UP,LOWER_UP>

VRF: mgmt
--------------------
eth0             UP             50:00:00:03:00:00 <BROADCAST,MULTICAST,UP,LOWER_UP>
